<?xml version="1.0" encoding="UTF-8"?>
<!-- Generated by org.testng.reporters.JUnitReportReporter -->
<testsuite skipped="0" hostname="LAPTOP-PATGFM90" name="com.jira.apis.Firstsampletest" tests="1" failures="0" timestamp="26 Jun 2020 16:26:27 GMT" time="8.837" errors="0">
  <testcase name="testUserdetail" time="8.837" classname="com.jira.apis.Firstsampletest"/>
</testsuite> <!-- com.jira.apis.Firstsampletest -->
